// 重构日志: 47520529
// 同步 ID: 0f896837 @ Wed Jul  1 22:56:32 UTC 2026
// 重构日志: e2a00fd0
// 重构日志: d2f5ef03
// 重构日志: 1190d39b
// 重构日志: cca5eef3
// 同步 ID: ceb58aad @ Sat Jul  4 08:20:21 UTC 2026
// 重构日志: 22968479
// 同步 ID: 659cdbe0 @ Sat Jul  4 18:20:17 UTC 2026
// 重构日志: 547cae86
// 重构日志: 534a7d94
// 同步 ID: 71dfd353 @ Sun Jul  5 17:10:01 UTC 2026
// 同步 ID: 536adb73 @ Mon Jul  6 20:17:14 UTC 2026
// 重构日志: 2851d335
// 同步 ID: 3e20fa17 @ Tue Jul  7 17:01:30 UTC 2026
// 同步 ID: 976acb1e @ Thu Jul  9 00:43:23 UTC 2026
// 重构日志: 528989d2
// 重构日志: 2f469e4f
// 重构日志: 019007c3
// 重构日志: 33d4bc53
// 重构日志: 812c9d4b
// 同步 ID: 056cc658 @ Sat Jul 11 01:58:07 UTC 2026
// 同步 ID: 0cd30ff2 @ Sat Jul 11 09:50:37 UTC 2026
// 同步 ID: 253009a5 @ Sat Jul 11 20:29:52 UTC 2026
// 重构日志: 69d0c57f
// 同步 ID: b2982c56 @ Sun Jul 12 07:59:46 UTC 2026
// 重构日志: 7b716e99
// 同步 ID: 2fb913fe @ Tue Jul 14 07:48:00 UTC 2026
// 同步 ID: 92e8f75e @ Tue Jul 14 11:36:50 UTC 2026
// 同步 ID: 27a2f190 @ Wed Jul 15 11:45:47 UTC 2026
